[debug] [2023-05-16T19:25:14.961Z] ----------------------------------------------------------------------
[debug] [2023-05-16T19:25:14.962Z] Command:       /opt/homebrew/Cellar/node/18.4.0/bin/node /opt/homebrew/bin/firebase init hosting
[debug] [2023-05-16T19:25:14.962Z] CLI Version:   12.0.0
[debug] [2023-05-16T19:25:14.962Z] Platform:      darwin
[debug] [2023-05-16T19:25:14.962Z] Node Version:  v18.4.0
[debug] [2023-05-16T19:25:14.963Z] Time:          Tue May 16 2023 14:25:14 GMT-0500 (Central Daylight Time)
[debug] [2023-05-16T19:25:14.963Z] ----------------------------------------------------------------------
[debug] 
[debug] [2023-05-16T19:25:14.967Z] > command requires scopes: ["email","openid","https://www.googleapis.com/auth/cloudplatformprojects.readonly","https://www.googleapis.com/auth/firebase","https://www.googleapis.com/auth/cloud-platform"]
[debug] [2023-05-16T19:25:14.968Z] > authorizing via signed-in user (frasier.joseph@gmail.com)
[info] 
     ######## #### ########  ######## ########     ###     ######  ########
     ##        ##  ##     ## ##       ##     ##  ##   ##  ##       ##
     ######    ##  ########  ######   ########  #########  ######  ######
     ##        ##  ##    ##  ##       ##     ## ##     ##       ## ##
     ##       #### ##     ## ######## ########  ##     ##  ######  ########

You're about to initialize a Firebase project in this directory:

  /Users/jwfrasier/Desktop/SpaceTradersGUI/spacetraders

[info] 
=== Project Setup
[info] 
[info] First, let's associate this project directory with a Firebase project.
[info] You can create multiple project aliases by running firebase use --add, 
[info] but for now we'll just set up a default project.
[info] 
[debug] [2023-05-16T19:25:16.666Z] >>> [apiv2][query] GET https://firebase.googleapis.com/v1beta1/projects pageSize=100
[debug] [2023-05-16T19:25:17.223Z] <<< [apiv2][status] GET https://firebase.googleapis.com/v1beta1/projects 200
[debug] [2023-05-16T19:25:17.223Z] <<< [apiv2][body] GET https://firebase.googleapis.com/v1beta1/projects [omitted]
[info] i  Using project spacetraders-c747a (spacetraders) 
[info] 
=== Hosting Setup
[info] 
[info] i  Detected a .git folder at /Users/jwfrasier/Desktop/SpaceTradersGUI 
[info] i  Authorizing with GitHub to upload your service account to a GitHub repository's secrets store. 
[info] 
[info] Visit this URL on this device to log in:
[info] https://github.com/login/oauth/authorize?client_id=89cf50f02ac6aaed3484&state=1025947213&redirect_uri=http%3A%2F%2Flocalhost%3A9005&scope=read%3Auser%20repo%20public_repo
[info] 
[info] Waiting for authentication...
[debug] [2023-05-16T19:25:52.949Z] >>> [apiv2][query] POST https://github.com/login/oauth/access_token [none]
[debug] [2023-05-16T19:25:52.949Z] >>> [apiv2][body] POST https://github.com/login/oauth/access_token [stream]
[debug] [2023-05-16T19:25:53.210Z] <<< [apiv2][status] POST https://github.com/login/oauth/access_token 200
[debug] [2023-05-16T19:25:53.210Z] <<< [apiv2][body] POST https://github.com/login/oauth/access_token {"access_token":"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","token_type":"bearer","scope":"read:user,repo"}
[debug] [2023-05-16T19:25:53.213Z] >>> [apiv2][query] GET https://api.github.com/user [none]
[debug] [2023-05-16T19:25:53.458Z] <<< [apiv2][status] GET https://api.github.com/user 200
[debug] [2023-05-16T19:25:53.458Z] <<< [apiv2][body] GET https://api.github.com/user {"login":"jwfrasier","id":30413292,"node_id":"MDQ6VXNlcjMwNDEzMjky","avatar_url":"https://avatars.githubusercontent.com/u/30413292?v=4","gravatar_id":"","url":"https://api.github.com/users/jwfrasier","html_url":"https://github.com/jwfrasier","followers_url":"https://api.github.com/users/jwfrasier/followers","following_url":"https://api.github.com/users/jwfrasier/following{/other_user}","gists_url":"https://api.github.com/users/jwfrasier/gists{/gist_id}","starred_url":"https://api.github.com/users/jwfrasier/starred{/owner}{/repo}","subscriptions_url":"https://api.github.com/users/jwfrasier/subscriptions","organizations_url":"https://api.github.com/users/jwfrasier/orgs","repos_url":"https://api.github.com/users/jwfrasier/repos","events_url":"https://api.github.com/users/jwfrasier/events{/privacy}","received_events_url":"https://api.github.com/users/jwfrasier/received_events","type":"User","site_admin":false,"name":"Joseph Frasier","company":"Digitalcrafts","blog":"","location":"Houston, TX","email":null,"hireable":null,"bio":"I'm Joseph, and I love building things!","twitter_username":null,"public_repos":161,"public_gists":0,"followers":29,"following":5,"created_at":"2017-07-24T15:19:22Z","updated_at":"2023-05-10T15:28:30Z","private_gists":1,"total_private_repos":14,"owned_private_repos":10,"disk_usage":164381,"collaborators":6,"two_factor_authentication":true,"plan":{"name":"free","space":976562499,"collaborators":0,"private_repos":10000}}
[info] 
[info] ✔  Success! Logged into GitHub as jwfrasier 
[info] 
